features/webview/build/intermediates/manifest_merge_blame_file/debug/processDebugManifest/manifest-merger-blame-debug-report.txt
1<?xml version="1.0" encoding="utf-8"?>
2<manifest xmlns:android="http://schemas.android.com/apk/res/android"
3    package="com.walhalla.webview" >
4
5    <uses-sdk android:minSdkVersion="21" />
6
7    <uses-permission android:name="android.permission.ACCESS_NETWORK_STATE" />
7-->src\main\AndroidManifest.xml:3:5-78
7-->src\main\AndroidManifest.xml:3:22-76
8
9    <queries>
9-->src\main\AndroidManifest.xml:22:5-26:15
10        <intent>
10-->src\main\AndroidManifest.xml:23:9-25:18
11            <action android:name="android.intent.action.MAIN" />
11-->src\main\AndroidManifest.xml:24:13-65
11-->src\main\AndroidManifest.xml:24:21-62
12        </intent>
13    </queries>
14
15    <application>
15-->src\main\AndroidManifest.xml:5:5-20:19
16
17        <!-- <activity android:exported="true" android:name=".MoreAppsActivity" -->
18        <!-- android:theme="@style/AppTheme.NoActionBar"/> -->
19
20
21        <!-- <service -->
22        <!-- android:name=".account.AuthenticatorService" -->
23        <!-- android:exported="false"> -->
24        <!-- <intent-filter> -->
25        <!-- <action android:name="android.accounts.AccountAuthenticator" /> -->
26        <!-- </intent-filter> -->
27
28
29        <!-- <meta-data -->
30        <!-- android:name="android.accounts.AccountAuthenticator" -->
31        <!-- android:resource="@xml/authenticator" /> -->
32        <!-- </service> -->
33    </application>
34
35</manifest>